Determining if the pthread_create exist failed with the following output:
Change Dir: /home/marcus/cuda-workspace/Pantheon/Experiments/RowVsColumnStore/CMakeFiles/CMakeTmp

Run Build Command:"/usr/bin/make" "cmTC_3bbcd/fast"
/usr/bin/make -f CMakeFiles/cmTC_3bbcd.dir/build.make CMakeFiles/cmTC_3bbcd.dir/build
make[1]: Entering directory '/home/marcus/cuda-workspace/Pantheon/Experiments/RowVsColumnStore/CMakeFiles/CMakeTmp'
Building C object CMakeFiles/cmTC_3bbcd.dir/CheckSymbolExists.c.o
/usr/bin/cc    -fPIC    -o CMakeFiles/cmTC_3bbcd.dir/CheckSymbolExists.c.o   -c /home/marcus/cuda-workspace/Pantheon/Experiments/RowVsColumnStore/CMakeFiles/CMakeTmp/CheckSymbolExists.c
Linking C executable cmTC_3bbcd
/usr/bin/cmake -E cmake_link_script CMakeFiles/cmTC_3bbcd.dir/link.txt --verbose=1
/usr/bin/cc  -fPIC     CMakeFiles/cmTC_3bbcd.dir/CheckSymbolExists.c.o  -o cmTC_3bbcd -rdynamic 
CMakeFiles/cmTC_3bbcd.dir/CheckSymbolExists.c.o: In function `main':
CheckSymbolExists.c:(.text+0x1b): undefined reference to `pthread_create'
collect2: error: ld returned 1 exit status
CMakeFiles/cmTC_3bbcd.dir/build.make:97: recipe for target 'cmTC_3bbcd' failed
make[1]: *** [cmTC_3bbcd] Error 1
make[1]: Leaving directory '/home/marcus/cuda-workspace/Pantheon/Experiments/RowVsColumnStore/CMakeFiles/CMakeTmp'
Makefile:126: recipe for target 'cmTC_3bbcd/fast' failed
make: *** [cmTC_3bbcd/fast] Error 2

File /home/marcus/cuda-workspace/Pantheon/Experiments/RowVsColumnStore/CMakeFiles/CMakeTmp/CheckSymbolExists.c:
/* */
#include <pthread.h>

int main(int argc, char** argv)
{
  (void)argv;
#ifndef pthread_create
  return ((int*)(&pthread_create))[argc];
#else
  (void)argc;
  return 0;
#endif
}

Determining if the function pthread_create exists in the pthreads failed with the following output:
Change Dir: /home/marcus/cuda-workspace/Pantheon/Experiments/RowVsColumnStore/CMakeFiles/CMakeTmp

Run Build Command:"/usr/bin/make" "cmTC_8e174/fast"
/usr/bin/make -f CMakeFiles/cmTC_8e174.dir/build.make CMakeFiles/cmTC_8e174.dir/build
make[1]: Entering directory '/home/marcus/cuda-workspace/Pantheon/Experiments/RowVsColumnStore/CMakeFiles/CMakeTmp'
Building C object CMakeFiles/cmTC_8e174.dir/CheckFunctionExists.c.o
/usr/bin/cc    -fPIC -DCHECK_FUNCTION_EXISTS=pthread_create   -o CMakeFiles/cmTC_8e174.dir/CheckFunctionExists.c.o   -c /usr/share/cmake-3.5/Modules/CheckFunctionExists.c
Linking C executable cmTC_8e174
/usr/bin/cmake -E cmake_link_script CMakeFiles/cmTC_8e174.dir/link.txt --verbose=1
/usr/bin/cc  -fPIC -DCHECK_FUNCTION_EXISTS=pthread_create    CMakeFiles/cmTC_8e174.dir/CheckFunctionExists.c.o  -o cmTC_8e174 -rdynamic -lpthreads 
/usr/bin/ld: cannot find -lpthreads
collect2: error: ld returned 1 exit status
CMakeFiles/cmTC_8e174.dir/build.make:97: recipe for target 'cmTC_8e174' failed
make[1]: *** [cmTC_8e174] Error 1
make[1]: Leaving directory '/home/marcus/cuda-workspace/Pantheon/Experiments/RowVsColumnStore/CMakeFiles/CMakeTmp'
Makefile:126: recipe for target 'cmTC_8e174/fast' failed
make: *** [cmTC_8e174/fast] Error 2


